<?xml version="1.0" encoding="UTF-8"?>
<testng-results ignored="0" total="2" passed="2" failed="0" skipped="0">
  <reporter-output>
  </reporter-output>
  <suite started-at="2024-09-12T19:30:41 IST" name="Suite" finished-at="2024-09-12T19:30:52 IST" duration-ms="11131">
    <groups>
    </groups>
    <test started-at="2024-09-12T19:30:41 IST" name="Test" finished-at="2024-09-12T19:30:52 IST" duration-ms="11131">
      <class name="com.nucleus.qa.testCases.LoginTestCase">
        <test-method is-config="true" signature="SetUp()[pri:0, instance:com.nucleus.qa.testCases.LoginTestCase@1aafa419]" started-at="2024-09-12T19:30:41 IST" name="SetUp" finished-at="2024-09-12T19:30:46 IST" duration-ms="5132" status="PASS">
          <reporter-output>
          </reporter-output>
        </test-method> <!-- SetUp -->
        <test-method signature="NCFPortalLoginTC()[pri:0, instance:com.nucleus.qa.testCases.LoginTestCase@1aafa419]" started-at="2024-09-12T19:30:46 IST" name="NCFPortalLoginTC" finished-at="2024-09-12T19:30:52 IST" duration-ms="5916" status="PASS">
          <reporter-output>
          </reporter-output>
        </test-method> <!-- NCFPortalLoginTC -->
      </class> <!-- com.nucleus.qa.testCases.LoginTestCase -->
      <class name="testng.NewTest">
        <test-method signature="f()[pri:0, instance:testng.NewTest@327514f]" started-at="2024-09-12T19:30:52 IST" name="f" finished-at="2024-09-12T19:30:52 IST" duration-ms="1" status="PASS">
          <reporter-output>
          </reporter-output>
        </test-method> <!-- f -->
      </class> <!-- testng.NewTest -->
    </test> <!-- Test -->
  </suite> <!-- Suite -->
</testng-results>
