<?xml version="1.0" encoding="UTF-8"?>
<testng-results ignored="0" total="2" passed="2" failed="0" skipped="0">
  <reporter-output>
  </reporter-output>
  <suite started-at="2024-09-16T15:25:47 IST" name="Suite" finished-at="2024-09-16T15:26:06 IST" duration-ms="18581">
    <groups>
    </groups>
    <test started-at="2024-09-16T15:25:47 IST" name="Test" finished-at="2024-09-16T15:26:06 IST" duration-ms="18581">
      <class name="testng.NewTest">
        <test-method signature="f()[pri:0, instance:testng.NewTest@327514f]" started-at="2024-09-16T15:26:06 IST" name="f" finished-at="2024-09-16T15:26:06 IST" duration-ms="2" status="PASS">
          <reporter-output>
          </reporter-output>
        </test-method> <!-- f -->
      </class> <!-- testng.NewTest -->
      <class name="com.nucleus.qa.testCases.NewProposalTestCase">
        <test-method is-config="true" signature="SetUp()[pri:0, instance:com.nucleus.qa.testCases.NewProposalTestCase@1aafa419]" started-at="2024-09-16T15:25:47 IST" name="SetUp" finished-at="2024-09-16T15:25:52 IST" duration-ms="4431" status="PASS">
          <reporter-output>
          </reporter-output>
        </test-method> <!-- SetUp -->
        <test-method signature="CreateNewProposal()[pri:0, instance:com.nucleus.qa.testCases.NewProposalTestCase@1aafa419]" started-at="2024-09-16T15:25:52 IST" name="CreateNewProposal" finished-at="2024-09-16T15:26:06 IST" duration-ms="14094" status="PASS">
          <reporter-output>
          </reporter-output>
        </test-method> <!-- CreateNewProposal -->
      </class> <!-- com.nucleus.qa.testCases.NewProposalTestCase -->
    </test> <!-- Test -->
  </suite> <!-- Suite -->
</testng-results>
